<?xml version="1.0" encoding="UTF-8"?><testsuite errors="0" failures="1" name="login newtours" skipped="0" tests="1" time="57.72" timestamp="2018-10-24 02:48:40"><testcase name="login with correct credentials"><failure message="Unable to login - Expected newtours login result&#10;Expected: is &lt;true&gt;&#10;     but: was &lt;false&gt;" type="java.lang.AssertionError">Unable to login - Expected newtours login result
Expected: is &lt;true&gt;
     but: was &lt;false&gt;</failure><system-err>Unable to login - Expected newtours login result
Expected: is &lt;true&gt;
     but: was &lt;false&gt;&#13;
com.sophossolutions.certification.newtours.stepdefinitions.NewtorsLoginStepDefinitions.heShouldSeeTheFlightFinderScreen(NewtorsLoginStepDefinitions.java:51)&#13;
✽.he should see the flight finder screen(src/test/resources/features/newtours_login.feature:21)&#13;
</system-err></testcase></testsuite>