<?xml version="1.0" encoding="UTF-8"?><testsuite errors="0" failures="1" name="register newtours" skipped="0" tests="1" time="8.77" timestamp="2018-10-24 02:55:18"><testcase name="register with correct data"><failure message="Without connection to the network - Expected newtours page visible&#10;Expected: is &lt;true&gt;&#10;     but: was &lt;false&gt;" type="java.lang.AssertionError">Without connection to the network - Expected newtours page visible
Expected: is &lt;true&gt;
     but: was &lt;false&gt;</failure><system-err>Without connection to the network - Expected newtours page visible
Expected: is &lt;true&gt;
     but: was &lt;false&gt;&#13;
com.sophossolutions.certification.newtours.tasks.OpenTheBrowser.performAs(OpenTheBrowser.java:27)&#13;
com.sophossolutions.certification.newtours.stepdefinitions.NewtoursRegisterStepDefinitions.thatStivenIsInTheRegisterNewtoursPage(NewtoursRegisterStepDefinitions.java:39)&#13;
cucumber.runner.Runner.runPickle(Runner.java:80)&#13;
org.eclipse.jdt.internal.junit4.runner.JUnit4TestReference.run(JUnit4TestReference.java:86)&#13;
org.eclipse.jdt.internal.junit.runner.TestExecution.run(TestExecution.java:38)&#13;
org.eclipse.jdt.internal.junit.runner.RemoteTestRunner.runTests(RemoteTestRunner.java:538)&#13;
org.eclipse.jdt.internal.junit.runner.RemoteTestRunner.runTests(RemoteTestRunner.java:760)&#13;
org.eclipse.jdt.internal.junit.runner.RemoteTestRunner.run(RemoteTestRunner.java:460)&#13;
org.eclipse.jdt.internal.junit.runner.RemoteTestRunner.main(RemoteTestRunner.java:206)&#13;
</system-err></testcase></testsuite>